08:13:37,547 INFO  [org.jboss.modules] JBoss Modules version 1.1.1.GA
08:13:40,206 INFO  [org.jboss.msc] JBoss MSC version 1.0.2.GA
08:13:40,277 INFO  [org.jboss.as] JBAS015899: JBoss AS 7.1.0.Final "Thunder" starting
08:13:40,280 DEBUG [org.jboss.as.config] Configured system properties:
	awt.toolkit = sun.awt.windows.WToolkit
	file.encoding = Cp1252
	file.encoding.pkg = sun.io
	file.separator = \
	java.awt.graphicsenv = sun.awt.Win32GraphicsEnvironment
	java.awt.printerjob = sun.awt.windows.WPrinterJob
	java.class.path = E:\lpd_folder\jboss\jboss-modules.jar
	java.class.version = 51.0
	java.endorsed.dirs = C:\Program Files\Java\jdk1.7.0_80\jre\lib\endorsed
	java.ext.dirs = C:\Program Files\Java\jdk1.7.0_80\jre\lib\ext;C:\Windows\Sun\Java\lib\ext
	java.home = C:\Program Files\Java\jdk1.7.0_80\jre
	java.io.tmpdir = C:\Users\breneol\AppData\Local\Temp\2\
	java.library.path = C:\Program Files\Java\jdk1.7.0_80\bin;C:\Windows\Sun\Java\bin;C:\Windows\system32;C:\Windows;C:\Program Files (x86)\Common Files\Oracle\Java\javapath;C:\Windows\system32;C:\Windows;C:\Windows\System32\Wbem;C:\Windows\System32\WindowsPowerShell\v1.0\;C:\Windows\System32\OpenSSH\;C:\Program Files\Microsoft SQL Server\Client SDK\ODBC\130\Tools\Binn\;C:\Program Files (x86)\Microsoft SQL Server\140\Tools\Binn\;C:\Program Files\Microsoft SQL Server\140\Tools\Binn\;C:\Program Files\Microsoft SQL Server\140\DTS\Binn\;C:\Program Files\FMEServer\Utilities\jre\bin\client;C:\Program Files\FMEServer\Server\fme;C:\Program Files\FMEServer\;E:\Program Files\FME\;C:\Program Files (x86)\Microsoft SQL Server\150\DTS\Binn\;C:\Program Files\TortoiseSVN\bin;C:\Program Files\nodejs\;E:\maven\apache-maven-3.6.3\bin;C:\Program Files\Java\jre1.7.0_45\bin;C:\Users\breneol\AppData\Local\Microsoft\WindowsApps;C:\Users\breneol\AppData\Roaming\npm;C:\Users\breneol\AppData\Local\Programs\Microsoft VS Code\bin;C:\Program Files\JetBrains\IntelliJ IDEA 2020.1.1\bin;;.
	java.net.preferIPv4Stack = true
	java.runtime.name = Java(TM) SE Runtime Environment
	java.runtime.version = 1.7.0_80-b15
	java.specification.name = Java Platform API Specification
	java.specification.vendor = Oracle Corporation
	java.specification.version = 1.7
	java.util.logging.manager = org.jboss.logmanager.LogManager
	java.vendor = Oracle Corporation
	java.vendor.url = http://java.oracle.com/
	java.vendor.url.bug = http://bugreport.sun.com/bugreport/
	java.version = 1.7.0_80
	java.vm.info = mixed mode
	java.vm.name = Java HotSpot(TM) 64-Bit Server VM
	java.vm.specification.name = Java Virtual Machine Specification
	java.vm.specification.vendor = Oracle Corporation
	java.vm.specification.version = 1.7
	java.vm.vendor = Oracle Corporation
	java.vm.version = 24.80-b11
	javax.management.builder.initial = org.jboss.as.jmx.PluggableMBeanServerBuilder
	javax.xml.datatype.DatatypeFactory = __redirected.__DatatypeFactory
	javax.xml.parsers.DocumentBuilderFactory = __redirected.__DocumentBuilderFactory
	javax.xml.parsers.SAXParserFactory = __redirected.__SAXParserFactory
	javax.xml.stream.XMLEventFactory = __redirected.__XMLEventFactory
	javax.xml.stream.XMLInputFactory = __redirected.__XMLInputFactory
	javax.xml.stream.XMLOutputFactory = __redirected.__XMLOutputFactory
	javax.xml.transform.TransformerFactory = __redirected.__TransformerFactory
	javax.xml.validation.SchemaFactory:http://www.w3.org/2001/XMLSchema = __redirected.__SchemaFactory
	javax.xml.xpath.XPathFactory:http://java.sun.com/jaxp/xpath/dom = __redirected.__XPathFactory
	jboss.home.dir = E:\lpd_folder\jboss
	jboss.host.name = lionfish
	jboss.modules.dir = E:\lpd_folder\jboss\modules
	jboss.modules.system.pkgs = org.jboss.byteman
	jboss.node.name = lionfish
	jboss.qualified.host.name = lionfish
	jboss.server.base.dir = E:\lpd_folder\jboss\standalone
	jboss.server.config.dir = E:\lpd_folder\jboss\standalone\configuration
	jboss.server.data.dir = E:\lpd_folder\jboss\standalone\data
	jboss.server.default.config = standalone.xml
	jboss.server.deploy.dir = E:\lpd_folder\jboss\standalone\data\content
	jboss.server.log.dir = E:\lpd_folder\jboss\standalone\log
	jboss.server.name = lionfish
	jboss.server.temp.dir = E:\lpd_folder\jboss\standalone\tmp
	line.separator = 

	logging.configuration = file:E:\lpd_folder\jboss\standalone/configuration/logging.properties
	module.path = E:\lpd_folder\jboss\modules
	org.jboss.boot.log.file = E:\lpd_folder\jboss\standalone\log\boot.log
	org.jboss.resolver.warning = true
	org.xml.sax.driver = __redirected.__XMLReaderFactory
	os.arch = amd64
	os.name = Windows Server 2012 R2
	os.version = 6.3
	path.separator = ;
	program.name = standalone.bat
	sun.arch.data.model = 64
	sun.boot.class.path = C:\Program Files\Java\jdk1.7.0_80\jre\lib\resources.jar;C:\Program Files\Java\jdk1.7.0_80\jre\lib\rt.jar;C:\Program Files\Java\jdk1.7.0_80\jre\lib\sunrsasign.jar;C:\Program Files\Java\jdk1.7.0_80\jre\lib\jsse.jar;C:\Program Files\Java\jdk1.7.0_80\jre\lib\jce.jar;C:\Program Files\Java\jdk1.7.0_80\jre\lib\charsets.jar;C:\Program Files\Java\jdk1.7.0_80\jre\lib\jfr.jar;C:\Program Files\Java\jdk1.7.0_80\jre\classes
	sun.boot.library.path = C:\Program Files\Java\jdk1.7.0_80\jre\bin
	sun.cpu.endian = little
	sun.cpu.isalist = amd64
	sun.desktop = windows
	sun.io.unicode.encoding = UnicodeLittle
	sun.java.command = E:\lpd_folder\jboss\jboss-modules.jar -mp E:\lpd_folder\jboss\modules -jaxpmodule javax.xml.jaxp-provider org.jboss.as.standalone -Djboss.home.dir=E:\lpd_folder\jboss
	sun.java.launcher = SUN_STANDARD
	sun.jnu.encoding = Cp1252
	sun.management.compiler = HotSpot 64-Bit Tiered Compilers
	sun.os.patch.level = 
	sun.rmi.dgc.client.gcInterval = 3600000
	sun.rmi.dgc.server.gcInterval = 3600000
	user.country = GB
	user.dir = E:\lpd_folder\jboss\bin
	user.home = C:\Users\breneol
	user.language = en
	user.name = breneol
	user.script = 
	user.timezone = Europe/London
	user.variant = 
08:13:40,321 DEBUG [org.jboss.as.config] VM Arguments: -XX:+TieredCompilation -Dprogram.name=standalone.bat -Xms64M -Xmx512M -XX:MaxPermSize=256M -Dsun.rmi.dgc.client.gcInterval=3600000 -Dsun.rmi.dgc.server.gcInterval=3600000 -Djava.net.preferIPv4Stack=true -Dorg.jboss.resolver.warning=true -Djboss.modules.system.pkgs=org.jboss.byteman -Djboss.server.default.config=standalone.xml -Dorg.jboss.boot.log.file=E:\lpd_folder\jboss\standalone\log\boot.log -Dlogging.configuration=file:E:\lpd_folder\jboss\standalone/configuration/logging.properties 
08:13:46,561 INFO  [org.xnio] XNIO Version 3.0.3.GA
08:13:46,565 INFO  [org.jboss.as.server] JBAS015888: Creating http management service using socket-binding (management-http)
08:13:46,586 INFO  [org.xnio.nio] XNIO NIO Implementation Version 3.0.3.GA
08:13:46,596 INFO  [org.jboss.remoting] JBoss Remoting version 3.2.2.GA
08:13:46,677 INFO  [org.jboss.as.logging] JBAS011502: Removing bootstrap log handlers
08:13:46,684 INFO  [org.jboss.as.clustering.infinispan] JBAS010280: Activating Infinispan subsystem.
08:13:46,690 INFO  [org.jboss.as.configadmin] JBAS016200: Activating ConfigAdmin Subsystem
10:14:50,279 INFO  [org.jboss.as.logging] JBAS011503: Restored bootstrap log handlers
10:14:50,283 INFO  [org.apache.catalina.core.StandardContext] Container org.apache.catalina.core.ContainerBase.[jboss.web].[default-host].[/] has not been started
10:14:50,291 INFO  [org.jboss.weld.deployer] JBAS016009: Stopping weld service for deployment lpd_archive_provider.war
10:14:50,292 ERROR [org.jboss.weld.Bean] WELD-000019 Error destroying an instance Managed Bean [class eu.europa.ec.dg_env.lpd.web.security.Identity] with qualifiers [@Any @Default @Named] of eu.europa.ec.dg_env.lpd.web.security.Identity@7dc4db43
10:14:50,315 ERROR [org.apache.catalina.core.ContainerBase.[jboss.web].[default-host].[/lpd_web]] Session event listener threw exception: java.util.ConcurrentModificationException
	at java.util.HashMap$HashIterator.nextEntry(HashMap.java:922) [rt.jar:1.7.0_80]
	at java.util.HashMap$KeyIterator.next(HashMap.java:956) [rt.jar:1.7.0_80]
	at org.jboss.weld.context.AbstractContext.destroy(AbstractContext.java:145) [weld-core-1.1.5.AS71.Final.jar:2012-02-10 15:31]
	at org.jboss.weld.context.AbstractManagedContext.deactivate(AbstractManagedContext.java:41) [weld-core-1.1.5.AS71.Final.jar:2012-02-10 15:31]
	at org.jboss.weld.context.AbstractBoundContext.deactivate(AbstractBoundContext.java:72) [weld-core-1.1.5.AS71.Final.jar:2012-02-10 15:31]
	at org.jboss.weld.context.http.HttpSessionContextImpl.destroy(HttpSessionContextImpl.java:62) [weld-core-1.1.5.AS71.Final.jar:2012-02-10 15:31]
	at org.jboss.weld.servlet.WeldListener.sessionDestroyed(WeldListener.java:88) [weld-core-1.1.5.AS71.Final.jar:2012-02-10 15:31]
	at org.apache.catalina.session.StandardSession.expire(StandardSession.java:690) [jbossweb-7.0.10.Final.jar:]
	at org.apache.catalina.session.StandardSession.expire(StandardSession.java:653) [jbossweb-7.0.10.Final.jar:]
	at org.apache.catalina.session.StandardManager.stop(StandardManager.java:676) [jbossweb-7.0.10.Final.jar:]
	at org.apache.catalina.core.StandardContext.stop(StandardContext.java:3995) [jbossweb-7.0.10.Final.jar:]
	at org.jboss.as.web.deployment.WebDeploymentService.stop(WebDeploymentService.java:108) [jboss-as-web-7.1.0.Final.jar:7.1.0.Final]
	at org.jboss.msc.service.ServiceControllerImpl$StopTask.stopService(ServiceControllerImpl.java:1911)
	at org.jboss.msc.service.ServiceControllerImpl$StopTask.run(ServiceControllerImpl.java:1874)
	at java.util.concurrent.ThreadPoolExecutor.runWorker(ThreadPoolExecutor.java:1145) [rt.jar:1.7.0_80]
	at java.util.concurrent.ThreadPoolExecutor$Worker.run(ThreadPoolExecutor.java:615) [rt.jar:1.7.0_80]
	at java.lang.Thread.run(Thread.java:745) [rt.jar:1.7.0_80]

10:14:50,348 INFO  [org.jboss.as.server.deployment] JBAS015877: Stopped deployment lpd_archive_provider.war in 97ms
10:14:50,377 INFO  [org.jboss.weld.deployer] JBAS016009: Stopping weld service for deployment lpd_web.war
10:14:50,396 INFO  [org.jboss.as.jpa] JBAS011403: Stopping Persistence Unit Service 'lpd_web.war#eu.europa.ec.dg_env.lpd.model'
10:14:50,405 INFO  [com.arjuna.ats.jbossatx] ARJUNA032018: Destroying TransactionManagerService
10:14:50,407 INFO  [com.arjuna.ats.jbossatx] ARJUNA032014: Stopping transaction recovery manager
10:14:50,740 INFO  [org.jboss.as.server.deployment] JBAS015877: Stopped deployment lpd_web.war in 510ms
10:14:50,745 INFO  [org.jboss.as] JBAS015950: JBoss AS 7.1.0.Final "Thunder" stopped in 468ms
